<?xml version="1.0" encoding="UTF-8"?>
<testng-results ignored="0" total="3" passed="3" failed="0" skipped="0">
  <reporter-output>
  </reporter-output>
  <suite started-at="2023-07-20T00:08:07 IST" name="Default suite" finished-at="2023-07-20T00:08:48 IST" duration-ms="40262">
    <groups>
    </groups>
    <test started-at="2023-07-20T00:08:07 IST" name="Default test" finished-at="2023-07-20T00:08:48 IST" duration-ms="40262">
      <class name="com.crm.qa.testcases.SignupPageTest">
        <test-method is-config="true" signature="setUp()[pri:0, instance:com.crm.qa.testcases.SignupPageTest@3c9754d8]" started-at="2023-07-20T00:08:07 IST" name="setUp" finished-at="2023-07-20T00:08:39 IST" duration-ms="31681" status="PASS">
          <reporter-output>
          </reporter-output>
        </test-method> <!-- setUp -->
        <test-method signature="verifySignupButton()[pri:1, instance:com.crm.qa.testcases.SignupPageTest@3c9754d8]" started-at="2023-07-20T00:08:39 IST" name="verifySignupButton" finished-at="2023-07-20T00:08:39 IST" duration-ms="245" status="PASS">
          <reporter-output>
          </reporter-output>
        </test-method> <!-- verifySignupButton -->
        <test-method signature="verifyRegistrationPg()[pri:2, instance:com.crm.qa.testcases.SignupPageTest@3c9754d8]" started-at="2023-07-20T00:08:39 IST" name="verifyRegistrationPg" finished-at="2023-07-20T00:08:47 IST" duration-ms="7185" status="PASS">
          <reporter-output>
          </reporter-output>
        </test-method> <!-- verifyRegistrationPg -->
        <test-method signature="termNconditionBox()[pri:3, instance:com.crm.qa.testcases.SignupPageTest@3c9754d8]" started-at="2023-07-20T00:08:47 IST" name="termNconditionBox" finished-at="2023-07-20T00:08:47 IST" duration-ms="135" status="PASS">
          <reporter-output>
          </reporter-output>
        </test-method> <!-- termNconditionBox -->
        <test-method is-config="true" signature="tearDown()[pri:0, instance:com.crm.qa.testcases.SignupPageTest@3c9754d8]" started-at="2023-07-20T00:08:47 IST" name="tearDown" finished-at="2023-07-20T00:08:48 IST" duration-ms="914" status="PASS">
          <reporter-output>
          </reporter-output>
        </test-method> <!-- tearDown -->
      </class> <!-- com.crm.qa.testcases.SignupPageTest -->
    </test> <!-- Default test -->
  </suite> <!-- Default suite -->
</testng-results>
